{"C:\\Users\\saura\\OneDrive\\Desktop\\Express Workspace\\task-manager\\app.js": {"path":"C:\\Users\\saura\\OneDrive\\Desktop\\Express Workspace\\task-manager\\app.js","statementMap":{"0":{"start":{"line":1,"column":16},"end":{"line":1,"column":34}},"1":{"start":{"line":2,"column":19},"end":{"line":2,"column":41}},"2":{"start":{"line":3,"column":19},"end":{"line":3,"column":40}},"3":{"start":{"line":4,"column":19},"end":{"line":4,"column":40}},"4":{"start":{"line":6,"column":12},"end":{"line":6,"column":21}},"5":{"start":{"line":7,"column":13},"end":{"line":7,"column":37}},"6":{"start":{"line":9,"column":0},"end":{"line":9,"column":52}},"7":{"start":{"line":10,"column":0},"end":{"line":10,"column":27}},"8":{"start":{"line":12,"column":0},"end":{"line":12,"column":34}},"9":{"start":{"line":14,"column":0},"end":{"line":14,"column":34}},"10":{"start":{"line":15,"column":0},"end":{"line":15,"column":34}},"11":{"start":{"line":17,"column":0},"end":{"line":19,"column":3}},"12":{"start":{"line":18,"column":4},"end":{"line":18,"column":53}},"13":{"start":{"line":21,"column":0},"end":{"line":21,"column":20}}},"fnMap":{"0":{"name":"(anonymous_0)","decl":{"start":{"line":17,"column":17},"end":{"line":17,"column":18}},"loc":{"start":{"line":17,"column":23},"end":{"line":19,"column":1}},"line":17}},"branchMap":{"0":{"loc":{"start":{"line":7,"column":13},"end":{"line":7,"column":37}},"type":"binary-expr","locations":[{"start":{"line":7,"column":13},"end":{"line":7,"column":29}},{"start":{"line":7,"column":33},"end":{"line":7,"column":37}}],"line":7}},"s":{"0":6,"1":6,"2":6,"3":6,"4":6,"5":6,"6":6,"7":6,"8":6,"9":6,"10":6,"11":6,"12":1,"13":6},"f":{"0":1},"b":{"0":[6,6]},"_coverageSchema":"1a1c01bbd47fc00a2c39e90264f33305004495a9","hash":"c2304798f690bc79fab855b2c4c6df41a9670db3"}
,"C:\\Users\\saura\\OneDrive\\Desktop\\Express Workspace\\task-manager\\api\\task.js": {"path":"C:\\Users\\saura\\OneDrive\\Desktop\\Express Workspace\\task-manager\\api\\task.js","statementMap":{"0":{"start":{"line":1,"column":16},"end":{"line":1,"column":34}},"1":{"start":{"line":2,"column":15},"end":{"line":2,"column":31}},"2":{"start":{"line":3,"column":17},"end":{"line":3,"column":30}},"3":{"start":{"line":5,"column":13},"end":{"line":11,"column":2}},"4":{"start":{"line":14,"column":0},"end":{"line":32,"column":3}},"5":{"start":{"line":15,"column":35},"end":{"line":15,"column":43}},"6":{"start":{"line":18,"column":4},"end":{"line":20,"column":5}},"7":{"start":{"line":19,"column":8},"end":{"line":19,"column":85}},"8":{"start":{"line":22,"column":4},"end":{"line":31,"column":5}},"9":{"start":{"line":23,"column":23},"end":{"line":23,"column":43}},"10":{"start":{"line":24,"column":23},"end":{"line":24,"column":133}},"11":{"start":{"line":25,"column":24},"end":{"line":25,"column":38}},"12":{"start":{"line":26,"column":8},"end":{"line":26,"column":25}},"13":{"start":{"line":27,"column":8},"end":{"line":27,"column":38}},"14":{"start":{"line":29,"column":8},"end":{"line":29,"column":29}},"15":{"start":{"line":30,"column":8},"end":{"line":30,"column":65}},"16":{"start":{"line":35,"column":0},"end":{"line":46,"column":3}},"17":{"start":{"line":36,"column":4},"end":{"line":45,"column":5}},"18":{"start":{"line":37,"column":23},"end":{"line":37,"column":43}},"19":{"start":{"line":38,"column":23},"end":{"line":38,"column":64}},"20":{"start":{"line":39,"column":22},"end":{"line":39,"column":33}},"21":{"start":{"line":40,"column":8},"end":{"line":40,"column":25}},"22":{"start":{"line":41,"column":8},"end":{"line":41,"column":36}},"23":{"start":{"line":43,"column":8},"end":{"line":43,"column":29}},"24":{"start":{"line":44,"column":8},"end":{"line":44,"column":65}},"25":{"start":{"line":49,"column":0},"end":{"line":67,"column":3}},"26":{"start":{"line":50,"column":19},"end":{"line":50,"column":32}},"27":{"start":{"line":52,"column":4},"end":{"line":66,"column":5}},"28":{"start":{"line":53,"column":23},"end":{"line":53,"column":43}},"29":{"start":{"line":54,"column":23},"end":{"line":54,"column":88}},"30":{"start":{"line":55,"column":21},"end":{"line":55,"column":35}},"31":{"start":{"line":56,"column":8},"end":{"line":56,"column":25}},"32":{"start":{"line":58,"column":8},"end":{"line":62,"column":9}},"33":{"start":{"line":59,"column":12},"end":{"line":59,"column":39}},"34":{"start":{"line":61,"column":12},"end":{"line":61,"column":62}},"35":{"start":{"line":64,"column":8},"end":{"line":64,"column":29}},"36":{"start":{"line":65,"column":8},"end":{"line":65,"column":65}},"37":{"start":{"line":70,"column":0},"end":{"line":89,"column":3}},"38":{"start":{"line":71,"column":19},"end":{"line":71,"column":32}},"39":{"start":{"line":72,"column":35},"end":{"line":72,"column":43}},"40":{"start":{"line":74,"column":4},"end":{"line":88,"column":5}},"41":{"start":{"line":75,"column":23},"end":{"line":75,"column":43}},"42":{"start":{"line":76,"column":23},"end":{"line":76,"column":146}},"43":{"start":{"line":77,"column":28},"end":{"line":77,"column":42}},"44":{"start":{"line":78,"column":8},"end":{"line":78,"column":25}},"45":{"start":{"line":80,"column":8},"end":{"line":84,"column":9}},"46":{"start":{"line":81,"column":12},"end":{"line":81,"column":46}},"47":{"start":{"line":83,"column":12},"end":{"line":83,"column":62}},"48":{"start":{"line":86,"column":8},"end":{"line":86,"column":29}},"49":{"start":{"line":87,"column":8},"end":{"line":87,"column":65}},"50":{"start":{"line":92,"column":0},"end":{"line":110,"column":3}},"51":{"start":{"line":93,"column":19},"end":{"line":93,"column":32}},"52":{"start":{"line":95,"column":4},"end":{"line":109,"column":5}},"53":{"start":{"line":96,"column":23},"end":{"line":96,"column":43}},"54":{"start":{"line":97,"column":23},"end":{"line":97,"column":98}},"55":{"start":{"line":98,"column":28},"end":{"line":98,"column":42}},"56":{"start":{"line":99,"column":8},"end":{"line":99,"column":25}},"57":{"start":{"line":101,"column":8},"end":{"line":105,"column":9}},"58":{"start":{"line":102,"column":12},"end":{"line":102,"column":75}},"59":{"start":{"line":104,"column":12},"end":{"line":104,"column":62}},"60":{"start":{"line":107,"column":8},"end":{"line":107,"column":29}},"61":{"start":{"line":108,"column":8},"end":{"line":108,"column":58}},"62":{"start":{"line":112,"column":0},"end":{"line":112,"column":24}}},"fnMap":{"0":{"name":"(anonymous_0)","decl":{"start":{"line":14,"column":17},"end":{"line":14,"column":18}},"loc":{"start":{"line":14,"column":37},"end":{"line":32,"column":1}},"line":14},"1":{"name":"(anonymous_1)","decl":{"start":{"line":35,"column":16},"end":{"line":35,"column":17}},"loc":{"start":{"line":35,"column":36},"end":{"line":46,"column":1}},"line":35},"2":{"name":"(anonymous_2)","decl":{"start":{"line":49,"column":19},"end":{"line":49,"column":20}},"loc":{"start":{"line":49,"column":39},"end":{"line":67,"column":1}},"line":49},"3":{"name":"(anonymous_3)","decl":{"start":{"line":70,"column":20},"end":{"line":70,"column":21}},"loc":{"start":{"line":70,"column":40},"end":{"line":89,"column":1}},"line":70},"4":{"name":"(anonymous_4)","decl":{"start":{"line":92,"column":22},"end":{"line":92,"column":23}},"loc":{"start":{"line":92,"column":42},"end":{"line":110,"column":1}},"line":92}},"branchMap":{"0":{"loc":{"start":{"line":18,"column":4},"end":{"line":20,"column":5}},"type":"if","locations":[{"start":{"line":18,"column":4},"end":{"line":20,"column":5}},{"start":{},"end":{}}],"line":18},"1":{"loc":{"start":{"line":18,"column":8},"end":{"line":18,"column":30}},"type":"binary-expr","locations":[{"start":{"line":18,"column":8},"end":{"line":18,"column":14}},{"start":{"line":18,"column":18},"end":{"line":18,"column":30}}],"line":18},"2":{"loc":{"start":{"line":58,"column":8},"end":{"line":62,"column":9}},"type":"if","locations":[{"start":{"line":58,"column":8},"end":{"line":62,"column":9}},{"start":{"line":60,"column":15},"end":{"line":62,"column":9}}],"line":58},"3":{"loc":{"start":{"line":80,"column":8},"end":{"line":84,"column":9}},"type":"if","locations":[{"start":{"line":80,"column":8},"end":{"line":84,"column":9}},{"start":{"line":82,"column":15},"end":{"line":84,"column":9}}],"line":80},"4":{"loc":{"start":{"line":101,"column":8},"end":{"line":105,"column":9}},"type":"if","locations":[{"start":{"line":101,"column":8},"end":{"line":105,"column":9}},{"start":{"line":103,"column":15},"end":{"line":105,"column":9}}],"line":101}},"s":{"0":6,"1":6,"2":6,"3":6,"4":6,"5":6,"6":6,"7":2,"8":4,"9":4,"10":4,"11":4,"12":4,"13":4,"14":0,"15":0,"16":6,"17":1,"18":1,"19":1,"20":1,"21":1,"22":1,"23":0,"24":0,"25":6,"26":2,"27":2,"28":2,"29":2,"30":2,"31":2,"32":2,"33":1,"34":1,"35":0,"36":0,"37":6,"38":2,"39":2,"40":2,"41":2,"42":2,"43":2,"44":2,"45":2,"46":1,"47":1,"48":0,"49":0,"50":6,"51":2,"52":2,"53":2,"54":2,"55":2,"56":2,"57":2,"58":1,"59":1,"60":0,"61":0,"62":6},"f":{"0":6,"1":1,"2":2,"3":2,"4":2},"b":{"0":[2,4],"1":[6,4],"2":[1,1],"3":[1,1],"4":[1,1]},"_coverageSchema":"1a1c01bbd47fc00a2c39e90264f33305004495a9","hash":"5f78bdbf9660756b91959a71248def8721e3a75c"}
,"C:\\Users\\saura\\OneDrive\\Desktop\\Express Workspace\\task-manager\\api\\user.js": {"path":"C:\\Users\\saura\\OneDrive\\Desktop\\Express Workspace\\task-manager\\api\\user.js","statementMap":{"0":{"start":{"line":1,"column":16},"end":{"line":1,"column":34}},"1":{"start":{"line":2,"column":15},"end":{"line":2,"column":31}},"2":{"start":{"line":3,"column":17},"end":{"line":3,"column":30}},"3":{"start":{"line":5,"column":13},"end":{"line":11,"column":2}},"4":{"start":{"line":14,"column":0},"end":{"line":32,"column":3}},"5":{"start":{"line":15,"column":42},"end":{"line":15,"column":50}},"6":{"start":{"line":18,"column":4},"end":{"line":20,"column":5}},"7":{"start":{"line":19,"column":8},"end":{"line":19,"column":93}},"8":{"start":{"line":22,"column":4},"end":{"line":31,"column":5}},"9":{"start":{"line":23,"column":23},"end":{"line":23,"column":43}},"10":{"start":{"line":24,"column":23},"end":{"line":24,"column":151}},"11":{"start":{"line":25,"column":24},"end":{"line":25,"column":38}},"12":{"start":{"line":26,"column":8},"end":{"line":26,"column":25}},"13":{"start":{"line":27,"column":8},"end":{"line":27,"column":38}},"14":{"start":{"line":29,"column":8},"end":{"line":29,"column":29}},"15":{"start":{"line":30,"column":8},"end":{"line":30,"column":65}},"16":{"start":{"line":35,"column":0},"end":{"line":53,"column":3}},"17":{"start":{"line":36,"column":32},"end":{"line":36,"column":40}},"18":{"start":{"line":38,"column":4},"end":{"line":52,"column":5}},"19":{"start":{"line":39,"column":23},"end":{"line":39,"column":43}},"20":{"start":{"line":40,"column":23},"end":{"line":40,"column":118}},"21":{"start":{"line":41,"column":21},"end":{"line":41,"column":35}},"22":{"start":{"line":42,"column":8},"end":{"line":42,"column":25}},"23":{"start":{"line":44,"column":8},"end":{"line":48,"column":9}},"24":{"start":{"line":45,"column":12},"end":{"line":45,"column":72}},"25":{"start":{"line":47,"column":12},"end":{"line":47,"column":73}},"26":{"start":{"line":50,"column":8},"end":{"line":50,"column":29}},"27":{"start":{"line":51,"column":8},"end":{"line":51,"column":65}},"28":{"start":{"line":56,"column":0},"end":{"line":74,"column":3}},"29":{"start":{"line":57,"column":25},"end":{"line":57,"column":35}},"30":{"start":{"line":59,"column":4},"end":{"line":73,"column":5}},"31":{"start":{"line":60,"column":23},"end":{"line":60,"column":43}},"32":{"start":{"line":61,"column":23},"end":{"line":61,"column":106}},"33":{"start":{"line":62,"column":28},"end":{"line":62,"column":42}},"34":{"start":{"line":63,"column":8},"end":{"line":63,"column":25}},"35":{"start":{"line":65,"column":8},"end":{"line":69,"column":9}},"36":{"start":{"line":66,"column":12},"end":{"line":66,"column":94}},"37":{"start":{"line":68,"column":12},"end":{"line":68,"column":62}},"38":{"start":{"line":71,"column":8},"end":{"line":71,"column":29}},"39":{"start":{"line":72,"column":8},"end":{"line":72,"column":65}},"40":{"start":{"line":76,"column":0},"end":{"line":76,"column":24}}},"fnMap":{"0":{"name":"(anonymous_0)","decl":{"start":{"line":14,"column":25},"end":{"line":14,"column":26}},"loc":{"start":{"line":14,"column":45},"end":{"line":32,"column":1}},"line":14},"1":{"name":"(anonymous_1)","decl":{"start":{"line":35,"column":22},"end":{"line":35,"column":23}},"loc":{"start":{"line":35,"column":42},"end":{"line":53,"column":1}},"line":35},"2":{"name":"(anonymous_2)","decl":{"start":{"line":56,"column":28},"end":{"line":56,"column":29}},"loc":{"start":{"line":56,"column":48},"end":{"line":74,"column":1}},"line":56}},"branchMap":{"0":{"loc":{"start":{"line":18,"column":4},"end":{"line":20,"column":5}},"type":"if","locations":[{"start":{"line":18,"column":4},"end":{"line":20,"column":5}},{"start":{},"end":{}}],"line":18},"1":{"loc":{"start":{"line":18,"column":8},"end":{"line":18,"column":40}},"type":"binary-expr","locations":[{"start":{"line":18,"column":8},"end":{"line":18,"column":17}},{"start":{"line":18,"column":21},"end":{"line":18,"column":27}},{"start":{"line":18,"column":31},"end":{"line":18,"column":40}}],"line":18},"2":{"loc":{"start":{"line":44,"column":8},"end":{"line":48,"column":9}},"type":"if","locations":[{"start":{"line":44,"column":8},"end":{"line":48,"column":9}},{"start":{"line":46,"column":15},"end":{"line":48,"column":9}}],"line":44},"3":{"loc":{"start":{"line":65,"column":8},"end":{"line":69,"column":9}},"type":"if","locations":[{"start":{"line":65,"column":8},"end":{"line":69,"column":9}},{"start":{"line":67,"column":15},"end":{"line":69,"column":9}}],"line":65}},"s":{"0":6,"1":6,"2":6,"3":6,"4":6,"5":3,"6":3,"7":1,"8":2,"9":2,"10":2,"11":2,"12":2,"13":2,"14":0,"15":0,"16":6,"17":2,"18":2,"19":2,"20":2,"21":2,"22":2,"23":2,"24":1,"25":1,"26":0,"27":0,"28":6,"29":0,"30":0,"31":0,"32":0,"33":0,"34":0,"35":0,"36":0,"37":0,"38":0,"39":0,"40":6},"f":{"0":3,"1":2,"2":0},"b":{"0":[1,2],"1":[3,3,2],"2":[1,1],"3":[0,0]},"_coverageSchema":"1a1c01bbd47fc00a2c39e90264f33305004495a9","hash":"de4014ed1732e67da7d0adc8389e58cc64045940"}
}
