TN:
SF:app.js
FN:17,(anonymous_0)
FNF:1
FNH:1
FNDA:1,(anonymous_0)
DA:1,6
DA:2,6
DA:3,6
DA:4,6
DA:6,6
DA:7,6
DA:9,6
DA:10,6
DA:12,6
DA:14,6
DA:15,6
DA:17,6
DA:18,1
DA:21,6
LF:14
LH:14
BRDA:7,0,0,6
BRDA:7,0,1,6
BRF:2
BRH:2
end_of_record
TN:
SF:api\task.js
FN:14,(anonymous_0)
FN:35,(anonymous_1)
FN:49,(anonymous_2)
FN:70,(anonymous_3)
FN:92,(anonymous_4)
FNF:5
FNH:5
FNDA:6,(anonymous_0)
FNDA:1,(anonymous_1)
FNDA:2,(anonymous_2)
FNDA:2,(anonymous_3)
FNDA:2,(anonymous_4)
DA:1,6
DA:2,6
DA:3,6
DA:5,6
DA:14,6
DA:15,6
DA:18,6
DA:19,2
DA:22,4
DA:23,4
DA:24,4
DA:25,4
DA:26,4
DA:27,4
DA:29,0
DA:30,0
DA:35,6
DA:36,1
DA:37,1
DA:38,1
DA:39,1
DA:40,1
DA:41,1
DA:43,0
DA:44,0
DA:49,6
DA:50,2
DA:52,2
DA:53,2
DA:54,2
DA:55,2
DA:56,2
DA:58,2
DA:59,1
DA:61,1
DA:64,0
DA:65,0
DA:70,6
DA:71,2
DA:72,2
DA:74,2
DA:75,2
DA:76,2
DA:77,2
DA:78,2
DA:80,2
DA:81,1
DA:83,1
DA:86,0
DA:87,0
DA:92,6
DA:93,2
DA:95,2
DA:96,2
DA:97,2
DA:98,2
DA:99,2
DA:101,2
DA:102,1
DA:104,1
DA:107,0
DA:108,0
DA:112,6
LF:63
LH:53
BRDA:18,0,0,2
BRDA:18,0,1,4
BRDA:18,1,0,6
BRDA:18,1,1,4
BRDA:58,2,0,1
BRDA:58,2,1,1
BRDA:80,3,0,1
BRDA:80,3,1,1
BRDA:101,4,0,1
BRDA:101,4,1,1
BRF:10
BRH:10
end_of_record
TN:
SF:api\user.js
FN:14,(anonymous_0)
FN:35,(anonymous_1)
FN:56,(anonymous_2)
FNF:3
FNH:2
FNDA:3,(anonymous_0)
FNDA:2,(anonymous_1)
FNDA:0,(anonymous_2)
DA:1,6
DA:2,6
DA:3,6
DA:5,6
DA:14,6
DA:15,3
DA:18,3
DA:19,1
DA:22,2
DA:23,2
DA:24,2
DA:25,2
DA:26,2
DA:27,2
DA:29,0
DA:30,0
DA:35,6
DA:36,2
DA:38,2
DA:39,2
DA:40,2
DA:41,2
DA:42,2
DA:44,2
DA:45,1
DA:47,1
DA:50,0
DA:51,0
DA:56,6
DA:57,0
DA:59,0
DA:60,0
DA:61,0
DA:62,0
DA:63,0
DA:65,0
DA:66,0
DA:68,0
DA:71,0
DA:72,0
DA:76,6
LF:41
LH:26
BRDA:18,0,0,1
BRDA:18,0,1,2
BRDA:18,1,0,3
BRDA:18,1,1,3
BRDA:18,1,2,2
BRDA:44,2,0,1
BRDA:44,2,1,1
BRDA:65,3,0,0
BRDA:65,3,1,0
BRF:9
BRH:7
end_of_record
